<?xml version="1.0" encoding="UTF-8"?>
<testsuite name="talk.code.Script_3_2_TimeoutAsync" tests="3" skipped="0" failures="0" errors="0" timestamp="2020-03-02T14:50:27" hostname="compeople-443.local" time="1.819">
  <properties/>
  <testcase name="testing async timeout with standard assert()" classname="talk.code.Script_3_2_TimeoutAsync" time="1.654"/>
  <testcase name="testing async in time()" classname="talk.code.Script_3_2_TimeoutAsync" time="0.026"/>
  <testcase name="testing async timeout()" classname="talk.code.Script_3_2_TimeoutAsync" time="0.122"/>
  <system-out><![CDATA[15:50:26.764 [Test worker] DEBUG i.m.i.i.AbstractMockFactory - Creating mockk for UserService name=#1
15:50:29.286 [Test worker @coroutine#1] DEBUG i.m.i.i.AbstractMockFactory - Creating mockk for Any name=child of #1#2
15:50:29.447 [Test worker @coroutine#3] DEBUG i.m.i.r.s.AnsweringStillAcceptingAnswersState - Answering SUSPEND_MARKER on UserService(#1).load(continuation {})
15:50:29.594 [Test worker @coroutine#4] DEBUG i.m.i.i.AbstractMockFactory - Creating mockk for Any name=child of #1#3
15:50:29.598 [Test worker @coroutine#6] DEBUG i.m.i.r.s.AnsweringStillAcceptingAnswersState - Answering SUSPEND_MARKER on UserService(#1).load(continuation {})
15:50:29.694 [Test worker @coroutine#7] DEBUG i.m.i.i.AbstractMockFactory - Creating mockk for Any name=child of #1#4
15:50:29.736 [Test worker @coroutine#9] DEBUG i.m.i.r.s.AnsweringStillAcceptingAnswersState - Answering SUSPEND_MARKER on UserService(#1).load(continuation {})
]]></system-out>
  <system-err><![CDATA[]]></system-err>
</testsuite>
