<?xml version="1.0" encoding="UTF-8"?>
<testsuite name="talk.code.Script_8_PauseDispatcher" tests="3" skipped="0" failures="0" errors="0" timestamp="2020-03-02T14:50:29" hostname="compeople-443.local" time="0.228">
  <properties/>
  <testcase name="resumeDispatcher() advances until idle()" classname="talk.code.Script_8_PauseDispatcher" time="0.199"/>
  <testcase name="paused dispatcher does not execute eager()" classname="talk.code.Script_8_PauseDispatcher" time="0.003"/>
  <testcase name="pauseDispatcher {} resumes after executing block()" classname="talk.code.Script_8_PauseDispatcher" time="0.015"/>
  <system-out><![CDATA[]]></system-out>
  <system-err><![CDATA[]]></system-err>
</testsuite>
