<?xml version="1.0" encoding="UTF-8"?>
<testsuite name="talk.code.Script_2_AdvanceTime" tests="4" skipped="0" failures="0" errors="0" timestamp="2020-03-02T14:50:30" hostname="compeople-443.local" time="5.11">
  <properties/>
  <testcase name="does not auto-advance time in launched coroutine()" classname="talk.code.Script_2_AdvanceTime" time="0.004"/>
  <testcase name="runBlockingTest() auto-advances virtual time()" classname="talk.code.Script_2_AdvanceTime" time="0.093"/>
  <testcase name="using runBlocking() may take some time()" classname="talk.code.Script_2_AdvanceTime" time="5.004"/>
  <testcase name="advance time is reliable()" classname="talk.code.Script_2_AdvanceTime" time="0.006"/>
  <system-out><![CDATA[We will never see this
We will never see value 17
]]></system-out>
  <system-err><![CDATA[]]></system-err>
</testsuite>
