<?xml version="1.0" encoding="UTF-8"?>
<testsuite name="talk.code.Script_5_DispatcherProvider" tests="3" skipped="0" failures="0" errors="0" timestamp="2020-03-02T14:50:29" hostname="compeople-443.local" time="0.094">
  <properties/>
  <testcase name="inject or pass DispatcherProvider()" classname="talk.code.Script_5_DispatcherProvider" time="0.056"/>
  <testcase name="convenience function withIO()()" classname="talk.code.Script_5_DispatcherProvider" time="0.018"/>
  <testcase name="pass DispatcherProvider via coroutine context()" classname="talk.code.Script_5_DispatcherProvider" time="0.018"/>
  <system-out><![CDATA[15:50:29.497 [Test worker] DEBUG i.m.i.i.AbstractMockFactory - Creating mockk for UserService name=#5
15:50:29.671 [Test worker] DEBUG i.m.i.i.AbstractMockFactory - Creating mockk for Any name=child of #5#6
15:50:29.683 [Test worker @coroutine#6] DEBUG i.m.i.r.s.AnsweringStillAcceptingAnswersState - Answering SUSPEND_MARKER on UserService(#5).load(continuation {})
15:50:29.689 [Test worker] DEBUG i.m.i.i.AbstractMockFactory - Creating mockk for Any name=child of #5#7
15:50:29.703 [Test worker @coroutine#8] DEBUG i.m.i.r.s.AnsweringStillAcceptingAnswersState - Answering SUSPEND_MARKER on UserService(#5).load(continuation {})
15:50:29.710 [Test worker] DEBUG i.m.i.i.AbstractMockFactory - Creating mockk for Any name=child of #5#8
15:50:29.720 [Test worker @coroutine#10] DEBUG i.m.i.r.s.AnsweringStillAcceptingAnswersState - Answering SUSPEND_MARKER on UserService(#5).load(continuation {})
]]></system-out>
  <system-err><![CDATA[]]></system-err>
</testsuite>
